* using log directory ‘/Users/bbuchsbaum/code/fmridesign/fmridesign.Rcheck’
* using R version 4.3.2 (2023-10-31)
* using platform: aarch64-apple-darwin20 (64-bit)
* R was compiled by
    Apple clang version 14.0.0 (clang-1400.0.29.202)
    GNU Fortran (GCC) 12.2.0
* running under: macOS Sonoma 14.3
* using session charset: UTF-8
* using options ‘--no-examples --no-tests --no-vignettes --as-cran’
* checking for file ‘fmridesign/DESCRIPTION’ ... OK
* checking extension type ... Package
* this is package ‘fmridesign’ version ‘0.1.0’
* package encoding: UTF-8
* checking CRAN incoming feasibility ... [2s/12s] NOTE
Maintainer: ‘Bradley Buchsbaum <brad.buchsbaum@gmail.com>’

New submission

Unknown, possibly misspelled, fields in DESCRIPTION:
  ‘Remotes’

The Date field is over a month old.
* checking package namespace information ... OK
* checking package dependencies ... OK
* checking if this is a source package ... OK
* checking if there is a namespace ... OK
* checking for executable files ... OK
* checking for hidden files and directories ... OK
* checking for portable file names ... OK
* checking for sufficient/correct file permissions ... OK
* checking whether package ‘fmridesign’ can be installed ... OK
* checking installed package size ... NOTE
  installed size is  9.2Mb
  sub-directories of 1Mb or more:
    doc   8.6Mb
* checking package directory ... OK
* checking for future file timestamps ... OK
* checking ‘build’ directory ... OK
* checking DESCRIPTION meta-information ... OK
* checking top-level files ... OK
* checking for left-over files ... OK
* checking index information ... OK
* checking package subdirectories ... OK
* checking R files for non-ASCII characters ... OK
* checking R files for syntax errors ... OK
* checking whether the package can be loaded ... OK
* checking whether the package can be loaded with stated dependencies ... OK
* checking whether the package can be unloaded cleanly ... OK
* checking whether the namespace can be loaded with stated dependencies ... OK
* checking whether the namespace can be unloaded cleanly ... OK
* checking loading without being on the library search path ... OK
* checking use of S3 registration ... OK
* checking dependencies in R code ... OK
* checking S3 generic/method consistency ... OK
* checking replacement functions ... OK
* checking foreign function calls ... OK
* checking R code for possible problems ... OK
* checking Rd files ... OK
* checking Rd metadata ... OK
* checking Rd line widths ... OK
* checking Rd cross-references ... OK
* checking for missing documentation entries ... OK
* checking for code/documentation mismatches ... OK
* checking Rd \usage sections ... OK
* checking Rd contents ... OK
* checking for unstated dependencies in examples ... OK
* checking installed files from ‘inst/doc’ ... OK
* checking files in ‘vignettes’ ... OK
* checking examples ... SKIPPED
* checking for unstated dependencies in ‘tests’ ... OK
* checking tests ... SKIPPED
* checking for unstated dependencies in vignettes ... OK
* checking package vignettes in ‘inst/doc’ ... OK
* checking running R code from vignettes ... SKIPPED
* checking re-building of vignette outputs ... SKIPPED
* checking PDF version of manual ... OK
* checking HTML version of manual ... NOTE
Found the following HTML validation problems:
BSpline.html:4:1 (BSpline.Rd:5): Warning: <link> inserting "type" attribute
BSpline.html:12:1 (BSpline.Rd:5): Warning: <script> proprietary attribute "onload"
BSpline.html:12:1 (BSpline.Rd:5): Warning: <script> inserting "type" attribute
BSpline.html:17:1 (BSpline.Rd:5): Warning: <table> lacks "summary" attribute
BSpline.html:35:1 (BSpline.Rd:10): Warning: <table> lacks "summary" attribute
Fcontrasts.html:4:1 (Fcontrasts.Rd:7): Warning: <link> inserting "type" attribute
Fcontrasts.html:12:1 (Fcontrasts.Rd:7): Warning: <script> proprietary attribute "onload"
Fcontrasts.html:12:1 (Fcontrasts.Rd:7): Warning: <script> inserting "type" attribute
Fcontrasts.html:17:1 (Fcontrasts.Rd:7): Warning: <table> lacks "summary" attribute
Fcontrasts.html:41:1 (Fcontrasts.Rd:16): Warning: <table> lacks "summary" attribute
Ident.html:4:1 (Ident.Rd:5): Warning: <link> inserting "type" attribute
Ident.html:12:1 (Ident.Rd:5): Warning: <script> proprietary attribute "onload"
Ident.html:12:1 (Ident.Rd:5): Warning: <script> inserting "type" attribute
Ident.html:17:1 (Ident.Rd:5): Warning: <table> lacks "summary" attribute
Ident.html:35:1 (Ident.Rd:10): Warning: <table> lacks "summary" attribute
Poly.html:4:1 (Poly.Rd:5): Warning: <link> inserting "type" attribute
Poly.html:12:1 (Poly.Rd:5): Warning: <script> proprietary attribute "onload"
Poly.html:12:1 (Poly.Rd:5): Warning: <script> inserting "type" attribute
Poly.html:17:1 (Poly.Rd:5): Warning: <table> lacks "summary" attribute
Poly.html:35:1 (Poly.Rd:10): Warning: <table> lacks "summary" attribute
RobustScale.html:4:1 (RobustScale.Rd:5): Warning: <link> inserting "type" attribute
RobustScale.html:12:1 (RobustScale.Rd:5): Warning: <script> proprietary attribute "onload"
RobustScale.html:12:1 (RobustScale.Rd:5): Warning: <script> inserting "type" attribute
RobustScale.html:17:1 (RobustScale.Rd:5): Warning: <table> lacks "summary" attribute
RobustScale.html:35:1 (RobustScale.Rd:10): Warning: <table> lacks "summary" attribute
Scale.html:4:1 (Scale.Rd:5): Warning: <link> inserting "type" attribute
Scale.html:12:1 (Scale.Rd:5): Warning: <script> proprietary attribute "onload"
Scale.html:12:1 (Scale.Rd:5): Warning: <script> inserting "type" attribute
Scale.html:17:1 (Scale.Rd:5): Warning: <table> lacks "summary" attribute
Scale.html:35:1 (Scale.Rd:10): Warning: <table> lacks "summary" attribute
ScaleWithin.html:4:1 (ScaleWithin.Rd:5): Warning: <link> inserting "type" attribute
ScaleWithin.html:12:1 (ScaleWithin.Rd:5): Warning: <script> proprietary attribute "onload"
ScaleWithin.html:12:1 (ScaleWithin.Rd:5): Warning: <script> inserting "type" attribute
ScaleWithin.html:17:1 (ScaleWithin.Rd:5): Warning: <table> lacks "summary" attribute
ScaleWithin.html:35:1 (ScaleWithin.Rd:10): Warning: <table> lacks "summary" attribute
Standardized.html:4:1 (Standardized.Rd:5): Warning: <link> inserting "type" attribute
Standardized.html:12:1 (Standardized.Rd:5): Warning: <script> proprietary attribute "onload"
Standardized.html:12:1 (Standardized.Rd:5): Warning: <script> inserting "type" attribute
Standardized.html:17:1 (Standardized.Rd:5): Warning: <table> lacks "summary" attribute
Standardized.html:38:1 (Standardized.Rd:10): Warning: <table> lacks "summary" attribute
baseline.html:4:1 (baseline.Rd:5): Warning: <link> inserting "type" attribute
baseline.html:12:1 (baseline.Rd:5): Warning: <script> proprietary attribute "onload"
baseline.html:12:1 (baseline.Rd:5): Warning: <script> inserting "type" attribute
baseline.html:17:1 (baseline.Rd:5): Warning: <table> lacks "summary" attribute
baseline.html:40:1 (baseline.Rd:15): Warning: <table> lacks "summary" attribute
baseline_model.html:4:1 (baseline_model.Rd:5): Warning: <link> inserting "type" attribute
baseline_model.html:12:1 (baseline_model.Rd:5): Warning: <script> proprietary attribute "onload"
baseline_model.html:12:1 (baseline_model.Rd:5): Warning: <script> inserting "type" attribute
baseline_model.html:17:1 (baseline_model.Rd:5): Warning: <table> lacks "summary" attribute
baseline_model.html:42:1 (baseline_model.Rd:16): Warning: <table> lacks "summary" attribute
baseline_terms.html:4:1 (baseline_terms.Rd:6): Warning: <link> inserting "type" attribute
baseline_terms.html:12:1 (baseline_terms.Rd:6): Warning: <script> proprietary attribute "onload"
baseline_terms.html:12:1 (baseline_terms.Rd:6): Warning: <script> inserting "type" attribute
baseline_terms.html:17:1 (baseline_terms.Rd:6): Warning: <table> lacks "summary" attribute
baseline_terms.html:38:1 (baseline_terms.Rd:13): Warning: <table> lacks "summary" attribute
basis_suffix.html:4:1 (basis_suffix.Rd:5): Warning: <link> inserting "type" attribute
basis_suffix.html:12:1 (basis_suffix.Rd:5): Warning: <script> proprietary attribute "onload"
basis_suffix.html:12:1 (basis_suffix.Rd:5): Warning: <script> inserting "type" attribute
basis_suffix.html:17:1 (basis_suffix.Rd:5): Warning: <table> lacks "summary" attribute
basis_suffix.html:35:1 (basis_suffix.Rd:10): Warning: <table> lacks "summary" attribute
block.html:4:1 (block.Rd:5): Warning: <link> inserting "type" attribute
block.html:12:1 (block.Rd:5): Warning: <script> proprietary attribute "onload"
block.html:12:1 (block.Rd:5): Warning: <script> inserting "type" attribute
block.html:17:1 (block.Rd:5): Warning: <table> lacks "summary" attribute
block.html:35:1 (block.Rd:10): Warning: <table> lacks "summary" attribute
cells.html:4:1 (cells.Rd:10): Warning: <link> inserting "type" attribute
cells.html:12:1 (cells.Rd:10): Warning: <script> proprietary attribute "onload"
cells.html:12:1 (cells.Rd:10): Warning: <script> inserting "type" attribute
cells.html:17:1 (cells.Rd:10): Warning: <table> lacks "summary" attribute
cells.html:47:1 (cells.Rd:23): Warning: <table> lacks "summary" attribute
check_collinearity.html:4:1 (check_collinearity.Rd:5): Warning: <link> inserting "type" attribute
check_collinearity.html:12:1 (check_collinearity.Rd:5): Warning: <script> proprietary attribute "onload"
check_collinearity.html:12:1 (check_collinearity.Rd:5): Warning: <script> inserting "type" attribute
check_collinearity.html:17:1 (check_collinearity.Rd:5): Warning: <table> lacks "summary" attribute
check_collinearity.html:35:1 (check_collinearity.Rd:10): Warning: <table> lacks "summary" attribute
column_contrast.html:4:1 (column_contrast.Rd:5): Warning: <link> inserting "type" attribute
column_contrast.html:12:1 (column_contrast.Rd:5): Warning: <script> proprietary attribute "onload"
column_contrast.html:12:1 (column_contrast.Rd:5): Warning: <script> inserting "type" attribute
column_contrast.html:17:1 (column_contrast.Rd:5): Warning: <table> lacks "summary" attribute
column_contrast.html:36:1 (column_contrast.Rd:10): Warning: <table> lacks "summary" attribute
column_groups_by_condition.html:4:1 (column_groups_by_condition.Rd:5): Warning: <link> inserting "type" attribute
column_groups_by_condition.html:12:1 (column_groups_by_condition.Rd:5): Warning: <script> proprietary attribute "onload"
column_groups_by_condition.html:12:1 (column_groups_by_condition.Rd:5): Warning: <script> inserting "type" attribute
column_groups_by_condition.html:17:1 (column_groups_by_condition.Rd:5): Warning: <table> lacks "summary" attribute
column_groups_by_condition.html:35:1 (column_groups_by_condition.Rd:10): Warning: <table> lacks "summary" attribute
columns.html:4:1 (columns.Rd:8): Warning: <link> inserting "type" attribute
columns.html:12:1 (columns.Rd:8): Warning: <script> proprietary attribute "onload"
columns.html:12:1 (columns.Rd:8): Warning: <script> inserting "type" attribute
columns.html:17:1 (columns.Rd:8): Warning: <table> lacks "summary" attribute
columns.html:44:1 (columns.Rd:19): Warning: <table> lacks "summary" attribute
condition_basis_list.html:4:1 (condition_basis_list.Rd:5): Warning: <link> inserting "type" attribute
condition_basis_list.html:12:1 (condition_basis_list.Rd:5): Warning: <script> proprietary attribute "onload"
condition_basis_list.html:12:1 (condition_basis_list.Rd:5): Warning: <script> inserting "type" attribute
condition_basis_list.html:17:1 (condition_basis_list.Rd:5): Warning: <table> lacks "summary" attribute
condition_basis_list.html:46:1 (condition_basis_list.Rd:16): Warning: <table> lacks "summary" attribute
conditions.html:4:1 (conditions.Rd:6): Warning: <link> inserting "type" attribute
conditions.html:12:1 (conditions.Rd:6): Warning: <script> proprietary attribute "onload"
conditions.html:12:1 (conditions.Rd:6): Warning: <script> inserting "type" attribute
conditions.html:17:1 (conditions.Rd:6): Warning: <table> lacks "summary" attribute
conditions.html:38:1 (conditions.Rd:13): Warning: <table> lacks "summary" attribute
construct.html:4:1 (construct.Rd:8): Warning: <link> inserting "type" attribute
construct.html:12:1 (construct.Rd:8): Warning: <script> proprietary attribute "onload"
construct.html:12:1 (construct.Rd:8): Warning: <script> inserting "type" attribute
construct.html:17:1 (construct.Rd:8): Warning: <table> lacks "summary" attribute
construct.html:41:1 (construct.Rd:17): Warning: <table> lacks "summary" attribute
contrast.html:4:1 (contrast.Rd:5): Warning: <link> inserting "type" attribute
contrast.html:12:1 (contrast.Rd:5): Warning: <script> proprietary attribute "onload"
contrast.html:12:1 (contrast.Rd:5): Warning: <script> inserting "type" attribute
contrast.html:17:1 (contrast.Rd:5): Warning: <table> lacks "summary" attribute
contrast.html:35:1 (contrast.Rd:10): Warning: <table> lacks "summary" attribute
contrast_set.html:4:1 (contrast_set.Rd:5): Warning: <link> inserting "type" attribute
contrast_set.html:12:1 (contrast_set.Rd:5): Warning: <script> proprietary attribute "onload"
contrast_set.html:12:1 (contrast_set.Rd:5): Warning: <script> inserting "type" attribute
contrast_set.html:17:1 (contrast_set.Rd:5): Warning: <table> lacks "summary" attribute
contrast_set.html:35:1 (contrast_set.Rd:10): Warning: <table> lacks "summary" attribute
contrast_weights.html:4:1 (contrast_weights.Rd:17): Warning: <link> inserting "type" attribute
contrast_weights.html:12:1 (contrast_weights.Rd:17): Warning: <script> proprietary attribute "onload"
contrast_weights.html:12:1 (contrast_weights.Rd:17): Warning: <script> inserting "type" attribute
contrast_weights.html:17:1 (contrast_weights.Rd:17): Warning: <table> lacks "summary" attribute
contrast_weights.html:85:1 (contrast_weights.Rd:44): Warning: <table> lacks "summary" attribute
contrast_weights.html:124:1 (contrast_weights.Rd:62): Warning: <table> lacks "summary" attribute
contrasts.html:4:1 (contrasts.Rd:5): Warning: <link> inserting "type" attribute
contrasts.html:12:1 (contrasts.Rd:5): Warning: <script> proprietary attribute "onload"
contrasts.html:12:1 (contrasts.Rd:5): Warning: <script> inserting "type" attribute
contrasts.html:17:1 (contrasts.Rd:5): Warning: <table> lacks "summary" attribute
contrasts.html:35:1 (contrasts.Rd:10): Warning: <table> lacks "summary" attribute
contrasts.event_model.html:4:1 (contrasts.event_model.Rd:5): Warning: <link> inserting "type" attribute
contrasts.event_model.html:12:1 (contrasts.event_model.Rd:5): Warning: <script> proprietary attribute "onload"
contrasts.event_model.html:12:1 (contrasts.event_model.Rd:5): Warning: <script> inserting "type" attribute
contrasts.event_model.html:17:1 (contrasts.event_model.Rd:5): Warning: <table> lacks "summary" attribute
contrasts.event_model.html:37:1 (contrasts.event_model.Rd:10): Warning: <table> lacks "summary" attribute
contrasts.event_term.html:4:1 (contrasts.event_term.Rd:5): Warning: <link> inserting "type" attribute
contrasts.event_term.html:12:1 (contrasts.event_term.Rd:5): Warning: <script> proprietary attribute "onload"
contrasts.event_term.html:12:1 (contrasts.event_term.Rd:5): Warning: <script> inserting "type" attribute
contrasts.event_term.html:17:1 (contrasts.event_term.Rd:5): Warning: <table> lacks "summary" attribute
contrasts.event_term.html:37:1 (contrasts.event_term.Rd:10): Warning: <table> lacks "summary" attribute
contrasts.hrfspec.html:4:1 (contrasts.hrfspec.Rd:5): Warning: <link> inserting "type" attribute
contrasts.hrfspec.html:12:1 (contrasts.hrfspec.Rd:5): Warning: <script> proprietary attribute "onload"
contrasts.hrfspec.html:12:1 (contrasts.hrfspec.Rd:5): Warning: <script> inserting "type" attribute
contrasts.hrfspec.html:17:1 (contrasts.hrfspec.Rd:5): Warning: <table> lacks "summary" attribute
contrasts.hrfspec.html:36:1 (contrasts.hrfspec.Rd:10): Warning: <table> lacks "summary" attribute
convolve.html:4:1 (convolve.Rd:6): Warning: <link> inserting "type" attribute
convolve.html:12:1 (convolve.Rd:6): Warning: <script> proprietary attribute "onload"
convolve.html:12:1 (convolve.Rd:6): Warning: <script> inserting "type" attribute
convolve.html:17:1 (convolve.Rd:6): Warning: <table> lacks "summary" attribute
convolve.html:54:1 (convolve.Rd:29): Warning: <table> lacks "summary" attribute
convolve_design.html:4:1 (convolve_design.Rd:5): Warning: <link> inserting "type" attribute
convolve_design.html:12:1 (convolve_design.Rd:5): Warning: <script> proprietary attribute "onload"
convolve_design.html:12:1 (convolve_design.Rd:5): Warning: <script> inserting "type" attribute
convolve_design.html:17:1 (convolve_design.Rd:5): Warning: <table> lacks "summary" attribute
convolve_design.html:36:1 (convolve_design.Rd:10): Warning: <table> lacks "summary" attribute
correlation_map.html:4:1 (correlation_map.Rd:5): Warning: <link> inserting "type" attribute
correlation_map.html:12:1 (correlation_map.Rd:5): Warning: <script> proprietary attribute "onload"
correlation_map.html:12:1 (correlation_map.Rd:5): Warning: <script> inserting "type" attribute
correlation_map.html:17:1 (correlation_map.Rd:5): Warning: <table> lacks "summary" attribute
correlation_map.html:35:1 (correlation_map.Rd:10): Warning: <table> lacks "summary" attribute
correlation_map.baseline_model.html:4:1 (correlation_map.baseline_model.Rd:5): Warning: <link> inserting "type" attribute
correlation_map.baseline_model.html:12:1 (correlation_map.baseline_model.Rd:5): Warning: <script> proprietary attribute "onload"
correlation_map.baseline_model.html:12:1 (correlation_map.baseline_model.Rd:5): Warning: <script> inserting "type" attribute
correlation_map.baseline_model.html:17:1 (correlation_map.baseline_model.Rd:5): Warning: <table> lacks "summary" attribute
correlation_map.baseline_model.html:42:1 (correlation_map.baseline_model.Rd:16): Warning: <table> lacks "summary" attribute
correlation_map.event_model.html:4:1 (correlation_map.event_model.Rd:5): Warning: <link> inserting "type" attribute
correlation_map.event_model.html:12:1 (correlation_map.event_model.Rd:5): Warning: <script> proprietary attribute "onload"
correlation_map.event_model.html:12:1 (correlation_map.event_model.Rd:5): Warning: <script> inserting "type" attribute
correlation_map.event_model.html:17:1 (correlation_map.event_model.Rd:5): Warning: <table> lacks "summary" attribute
correlation_map.event_model.html:37:1 (correlation_map.event_model.Rd:10): Warning: <table> lacks "summary" attribute
covariate.html:4:1 (covariate.Rd:5): Warning: <link> inserting "type" attribute
covariate.html:12:1 (covariate.Rd:5): Warning: <script> proprietary attribute "onload"
covariate.html:12:1 (covariate.Rd:5): Warning: <script> inserting "type" attribute
covariate.html:17:1 (covariate.Rd:5): Warning: <table> lacks "summary" attribute
covariate.html:37:1 (covariate.Rd:10): Warning: <table> lacks "summary" attribute
design_map.html:4:1 (design_map.Rd:5): Warning: <link> inserting "type" attribute
design_map.html:12:1 (design_map.Rd:5): Warning: <script> proprietary attribute "onload"
design_map.html:12:1 (design_map.Rd:5): Warning: <script> inserting "type" attribute
design_map.html:17:1 (design_map.Rd:5): Warning: <table> lacks "summary" attribute
design_map.html:35:1 (design_map.Rd:10): Warning: <table> lacks "summary" attribute
design_map.baseline_model.html:4:1 (design_map.baseline_model.Rd:5): Warning: <link> inserting "type" attribute
design_map.baseline_model.html:12:1 (design_map.baseline_model.Rd:5): Warning: <script> proprietary attribute "onload"
design_map.baseline_model.html:12:1 (design_map.baseline_model.Rd:5): Warning: <script> inserting "type" attribute
design_map.baseline_model.html:17:1 (design_map.baseline_model.Rd:5): Warning: <table> lacks "summary" attribute
design_map.baseline_model.html:45:1 (design_map.baseline_model.Rd:17): Warning: <table> lacks "summary" attribute
design_map.event_model.html:4:1 (design_map.event_model.Rd:5): Warning: <link> inserting "type" attribute
design_map.event_model.html:12:1 (design_map.event_model.Rd:5): Warning: <script> proprietary attribute "onload"
design_map.event_model.html:12:1 (design_map.event_model.Rd:5): Warning: <script> inserting "type" attribute
design_map.event_model.html:17:1 (design_map.event_model.Rd:5): Warning: <table> lacks "summary" attribute
design_map.event_model.html:43:1 (design_map.event_model.Rd:17): Warning: <table> lacks "summary" attribute
design_matrix.html:4:1 (design_matrix.Rd:10): Warning: <link> inserting "type" attribute
design_matrix.html:12:1 (design_matrix.Rd:10): Warning: <script> proprietary attribute "onload"
design_matrix.html:12:1 (design_matrix.Rd:10): Warning: <script> inserting "type" attribute
design_matrix.html:17:1 (design_matrix.Rd:10): Warning: <table> lacks "summary" attribute
design_matrix.html:47:1 (design_matrix.Rd:23): Warning: <table> lacks "summary" attribute
dot-fmridesign_extensions.html:4:1 (dot-fmridesign_extensions.Rd:6): Warning: <link> inserting "type" attribute
dot-fmridesign_extensions.html:12:1 (dot-fmridesign_extensions.Rd:6): Warning: <script> proprietary attribute "onload"
dot-fmridesign_extensions.html:12:1 (dot-fmridesign_extensions.Rd:6): Warning: <script> inserting "type" attribute
dot-fmridesign_extensions.html:17:1 (dot-fmridesign_extensions.Rd:6): Warning: <table> lacks "summary" attribute
dot-fmridesign_extensions.html:19:1 (dot-fmridesign_extensions.Rd:6): Warning: <h2> attribute "id" has invalid value ".fmridesign_extensions"
dot-trial_factor.html:4:1 (dot-trial_factor.Rd:5): Warning: <link> inserting "type" attribute
dot-trial_factor.html:12:1 (dot-trial_factor.Rd:5): Warning: <script> proprietary attribute "onload"
dot-trial_factor.html:12:1 (dot-trial_factor.Rd:5): Warning: <script> inserting "type" attribute
dot-trial_factor.html:17:1 (dot-trial_factor.Rd:5): Warning: <table> lacks "summary" attribute
dot-trial_factor.html:19:1 (dot-trial_factor.Rd:5): Warning: <h2> attribute "id" has invalid value ".trial_factor"
dot-trial_factor.html:35:1 (dot-trial_factor.Rd:10): Warning: <table> lacks "summary" attribute
dot-trial_factor.html:36:14 (dot-trial_factor.Rd:10): Warning: <code> attribute "id" has invalid value ".trial_factor_:_n"
elements.html:4:1 (elements.Rd:8): Warning: <link> inserting "type" attribute
elements.html:12:1 (elements.Rd:8): Warning: <script> proprietary attribute "onload"
elements.html:12:1 (elements.Rd:8): Warning: <script> inserting "type" attribute
elements.html:17:1 (elements.Rd:8): Warning: <table> lacks "summary" attribute
elements.html:41:1 (elements.Rd:17): Warning: <table> lacks "summary" attribute
event_basis.html:4:1 (event_basis.Rd:5): Warning: <link> inserting "type" attribute
event_basis.html:12:1 (event_basis.Rd:5): Warning: <script> proprietary attribute "onload"
event_basis.html:12:1 (event_basis.Rd:5): Warning: <script> inserting "type" attribute
event_basis.html:17:1 (event_basis.Rd:5): Warning: <table> lacks "summary" attribute
event_basis.html:43:1 (event_basis.Rd:17): Warning: <table> lacks "summary" attribute
event_conditions.html:4:1 (event_conditions.Rd:5): Warning: <link> inserting "type" attribute
event_conditions.html:12:1 (event_conditions.Rd:5): Warning: <script> proprietary attribute "onload"
event_conditions.html:12:1 (event_conditions.Rd:5): Warning: <script> inserting "type" attribute
event_conditions.html:17:1 (event_conditions.Rd:5): Warning: <table> lacks "summary" attribute
event_conditions.html:35:1 (event_conditions.Rd:10): Warning: <table> lacks "summary" attribute
event_factor.html:4:1 (event_factor.Rd:5): Warning: <link> inserting "type" attribute
event_factor.html:12:1 (event_factor.Rd:5): Warning: <script> proprietary attribute "onload"
event_factor.html:12:1 (event_factor.Rd:5): Warning: <script> inserting "type" attribute
event_factor.html:17:1 (event_factor.Rd:5): Warning: <table> lacks "summary" attribute
event_factor.html:36:1 (event_factor.Rd:10): Warning: <table> lacks "summary" attribute
event_matrix.html:4:1 (event_matrix.Rd:5): Warning: <link> inserting "type" attribute
event_matrix.html:12:1 (event_matrix.Rd:5): Warning: <script> proprietary attribute "onload"
event_matrix.html:12:1 (event_matrix.Rd:5): Warning: <script> inserting "type" attribute
event_matrix.html:17:1 (event_matrix.Rd:5): Warning: <table> lacks "summary" attribute
event_matrix.html:36:1 (event_matrix.Rd:10): Warning: <table> lacks "summary" attribute
event_model.html:4:1 (event_model.Rd:5): Warning: <link> inserting "type" attribute
event_model.html:12:1 (event_model.Rd:5): Warning: <script> proprietary attribute "onload"
event_model.html:12:1 (event_model.Rd:5): Warning: <script> inserting "type" attribute
event_model.html:17:1 (event_model.Rd:5): Warning: <table> lacks "summary" attribute
event_model.html:65:1 (event_model.Rd:34): Warning: <table> lacks "summary" attribute
event_table.html:4:1 (event_table.Rd:5): Warning: <link> inserting "type" attribute
event_table.html:12:1 (event_table.Rd:5): Warning: <script> proprietary attribute "onload"
event_table.html:12:1 (event_table.Rd:5): Warning: <script> inserting "type" attribute
event_table.html:17:1 (event_table.Rd:5): Warning: <table> lacks "summary" attribute
event_table.html:35:1 (event_table.Rd:10): Warning: <table> lacks "summary" attribute
event_term.html:4:1 (event_term.Rd:5): Warning: <link> inserting "type" attribute
event_term.html:12:1 (event_term.Rd:5): Warning: <script> proprietary attribute "onload"
event_term.html:12:1 (event_term.Rd:5): Warning: <script> inserting "type" attribute
event_term.html:17:1 (event_term.Rd:5): Warning: <table> lacks "summary" attribute
event_term.html:39:1 (event_term.Rd:10): Warning: <table> lacks "summary" attribute
event_term.html:69:1 (event_term.Rd:24): Warning: <table> lacks "summary" attribute
event_terms.html:4:1 (event_terms.Rd:5): Warning: <link> inserting "type" attribute
event_terms.html:12:1 (event_terms.Rd:5): Warning: <script> proprietary attribute "onload"
event_terms.html:12:1 (event_terms.Rd:5): Warning: <script> inserting "type" attribute
event_terms.html:17:1 (event_terms.Rd:5): Warning: <table> lacks "summary" attribute
event_terms.html:35:1 (event_terms.Rd:10): Warning: <table> lacks "summary" attribute
event_variable.html:4:1 (event_variable.Rd:5): Warning: <link> inserting "type" attribute
event_variable.html:12:1 (event_variable.Rd:5): Warning: <script> proprietary attribute "onload"
event_variable.html:12:1 (event_variable.Rd:5): Warning: <script> inserting "type" attribute
event_variable.html:17:1 (event_variable.Rd:5): Warning: <table> lacks "summary" attribute
event_variable.html:36:1 (event_variable.Rd:10): Warning: <table> lacks "summary" attribute
events.html:4:1 (events.Rd:5): Warning: <link> inserting "type" attribute
events.html:12:1 (events.Rd:5): Warning: <script> proprietary attribute "onload"
events.html:12:1 (events.Rd:5): Warning: <script> inserting "type" attribute
events.html:17:1 (events.Rd:5): Warning: <table> lacks "summary" attribute
events.html:35:1 (events.Rd:10): Warning: <table> lacks "summary" attribute
feature_suffix.html:4:1 (feature_suffix.Rd:5): Warning: <link> inserting "type" attribute
feature_suffix.html:12:1 (feature_suffix.Rd:5): Warning: <script> proprietary attribute "onload"
feature_suffix.html:12:1 (feature_suffix.Rd:5): Warning: <script> inserting "type" attribute
feature_suffix.html:17:1 (feature_suffix.Rd:5): Warning: <table> lacks "summary" attribute
feature_suffix.html:35:1 (feature_suffix.Rd:10): Warning: <table> lacks "summary" attribute
fmrihrf-reexports.html:4:1 (fmrihrf-reexports.Rd:8): Warning: <link> inserting "type" attribute
fmrihrf-reexports.html:12:1 (fmrihrf-reexports.Rd:8): Warning: <script> proprietary attribute "onload"
fmrihrf-reexports.html:12:1 (fmrihrf-reexports.Rd:8): Warning: <script> inserting "type" attribute
fmrihrf-reexports.html:17:1 (fmrihrf-reexports.Rd:8): Warning: <table> lacks "summary" attribute
get_all_external_hrf_functions.html:4:1 (get_all_external_hrf_functions.Rd:5): Warning: <link> inserting "type" attribute
get_all_external_hrf_functions.html:12:1 (get_all_external_hrf_functions.Rd:5): Warning: <script> proprietary attribute "onload"
get_all_external_hrf_functions.html:12:1 (get_all_external_hrf_functions.Rd:5): Warning: <script> inserting "type" attribute
get_all_external_hrf_functions.html:17:1 (get_all_external_hrf_functions.Rd:5): Warning: <table> lacks "summary" attribute
get_external_hrfspec_functions.html:4:1 (get_external_hrfspec_functions.Rd:5): Warning: <link> inserting "type" attribute
get_external_hrfspec_functions.html:12:1 (get_external_hrfspec_functions.Rd:5): Warning: <script> proprietary attribute "onload"
get_external_hrfspec_functions.html:12:1 (get_external_hrfspec_functions.Rd:5): Warning: <script> inserting "type" attribute
get_external_hrfspec_functions.html:17:1 (get_external_hrfspec_functions.Rd:5): Warning: <table> lacks "summary" attribute
get_external_hrfspec_functions.html:36:1 (get_external_hrfspec_functions.Rd:10): Warning: <table> lacks "summary" attribute
get_external_hrfspec_info.html:4:1 (get_external_hrfspec_info.Rd:5): Warning: <link> inserting "type" attribute
get_external_hrfspec_info.html:12:1 (get_external_hrfspec_info.Rd:5): Warning: <script> proprietary attribute "onload"
get_external_hrfspec_info.html:12:1 (get_external_hrfspec_info.Rd:5): Warning: <script> inserting "type" attribute
get_external_hrfspec_info.html:17:1 (get_external_hrfspec_info.Rd:5): Warning: <table> lacks "summary" attribute
get_external_hrfspec_info.html:35:1 (get_external_hrfspec_info.Rd:10): Warning: <table> lacks "summary" attribute
hrf.html:4:1 (hrf.Rd:5): Warning: <link> inserting "type" attribute
hrf.html:12:1 (hrf.Rd:5): Warning: <script> proprietary attribute "onload"
hrf.html:12:1 (hrf.Rd:5): Warning: <script> inserting "type" attribute
hrf.html:17:1 (hrf.Rd:5): Warning: <table> lacks "summary" attribute
hrf.html:51:1 (hrf.Rd:24): Warning: <table> lacks "summary" attribute
interaction_contrast.html:4:1 (interaction_contrast.Rd:5): Warning: <link> inserting "type" attribute
interaction_contrast.html:12:1 (interaction_contrast.Rd:5): Warning: <script> proprietary attribute "onload"
interaction_contrast.html:12:1 (interaction_contrast.Rd:5): Warning: <script> inserting "type" attribute
interaction_contrast.html:17:1 (interaction_contrast.Rd:5): Warning: <table> lacks "summary" attribute
interaction_contrast.html:35:1 (interaction_contrast.Rd:10): Warning: <table> lacks "summary" attribute
is_categorical.html:4:1 (is_categorical.Rd:6): Warning: <link> inserting "type" attribute
is_categorical.html:12:1 (is_categorical.Rd:6): Warning: <script> proprietary attribute "onload"
is_categorical.html:12:1 (is_categorical.Rd:6): Warning: <script> inserting "type" attribute
is_categorical.html:17:1 (is_categorical.Rd:6): Warning: <table> lacks "summary" attribute
is_categorical.html:38:1 (is_categorical.Rd:13): Warning: <table> lacks "summary" attribute
is_continuous.html:4:1 (is_continuous.Rd:6): Warning: <link> inserting "type" attribute
is_continuous.html:12:1 (is_continuous.Rd:6): Warning: <script> proprietary attribute "onload"
is_continuous.html:12:1 (is_continuous.Rd:6): Warning: <script> inserting "type" attribute
is_continuous.html:17:1 (is_continuous.Rd:6): Warning: <table> lacks "summary" attribute
is_continuous.html:38:1 (is_continuous.Rd:13): Warning: <table> lacks "summary" attribute
is_external_hrfspec.html:4:1 (is_external_hrfspec.Rd:5): Warning: <link> inserting "type" attribute
is_external_hrfspec.html:12:1 (is_external_hrfspec.Rd:5): Warning: <script> proprietary attribute "onload"
is_external_hrfspec.html:12:1 (is_external_hrfspec.Rd:5): Warning: <script> inserting "type" attribute
is_external_hrfspec.html:17:1 (is_external_hrfspec.Rd:5): Warning: <table> lacks "summary" attribute
is_external_hrfspec.html:35:1 (is_external_hrfspec.Rd:10): Warning: <table> lacks "summary" attribute
labels.event.html:4:1 (labels.event.Rd:5): Warning: <link> inserting "type" attribute
labels.event.html:12:1 (labels.event.Rd:5): Warning: <script> proprietary attribute "onload"
labels.event.html:12:1 (labels.event.Rd:5): Warning: <script> inserting "type" attribute
labels.event.html:17:1 (labels.event.Rd:5): Warning: <table> lacks "summary" attribute
labels.event.html:42:1 (labels.event.Rd:10): Warning: <table> lacks "summary" attribute
levels.event.html:4:1 (levels.event.Rd:9): Warning: <link> inserting "type" attribute
levels.event.html:12:1 (levels.event.Rd:9): Warning: <script> proprietary attribute "onload"
levels.event.html:12:1 (levels.event.Rd:9): Warning: <script> inserting "type" attribute
levels.event.html:17:1 (levels.event.Rd:9): Warning: <table> lacks "summary" attribute
levels.event.html:49:1 (levels.event.Rd:22): Warning: <table> lacks "summary" attribute
list_external_hrfspecs.html:4:1 (list_external_hrfspecs.Rd:5): Warning: <link> inserting "type" attribute
list_external_hrfspecs.html:12:1 (list_external_hrfspecs.Rd:5): Warning: <script> proprietary attribute "onload"
list_external_hrfspecs.html:12:1 (list_external_hrfspecs.Rd:5): Warning: <script> inserting "type" attribute
list_external_hrfspecs.html:17:1 (list_external_hrfspecs.Rd:5): Warning: <table> lacks "summary" attribute
longnames.html:4:1 (longnames.Rd:5): Warning: <link> inserting "type" attribute
longnames.html:12:1 (longnames.Rd:5): Warning: <script> proprietary attribute "onload"
longnames.html:12:1 (longnames.Rd:5): Warning: <script> inserting "type" attribute
longnames.html:17:1 (longnames.Rd:5): Warning: <table> lacks "summary" attribute
longnames.html:35:1 (longnames.Rd:10): Warning: <table> lacks "summary" attribute
nbasis.html:4:1 (nbasis.Rd:13): Warning: <link> inserting "type" attribute
nbasis.html:12:1 (nbasis.Rd:13): Warning: <script> proprietary attribute "onload"
nbasis.html:12:1 (nbasis.Rd:13): Warning: <script> inserting "type" attribute
nbasis.html:17:1 (nbasis.Rd:13): Warning: <table> lacks "summary" attribute
nbasis.html:57:1 (nbasis.Rd:32): Warning: <table> lacks "summary" attribute
nbasis.hrfspec.html:4:1 (nbasis.hrfspec.Rd:5): Warning: <link> inserting "type" attribute
nbasis.hrfspec.html:12:1 (nbasis.hrfspec.Rd:5): Warning: <script> proprietary attribute "onload"
nbasis.hrfspec.html:12:1 (nbasis.hrfspec.Rd:5): Warning: <script> inserting "type" attribute
nbasis.hrfspec.html:17:1 (nbasis.hrfspec.Rd:5): Warning: <table> lacks "summary" attribute
nbasis.hrfspec.html:36:1 (nbasis.hrfspec.Rd:10): Warning: <table> lacks "summary" attribute
nuisance.html:4:1 (nuisance.Rd:5): Warning: <link> inserting "type" attribute
nuisance.html:12:1 (nuisance.Rd:5): Warning: <script> proprietary attribute "onload"
nuisance.html:12:1 (nuisance.Rd:5): Warning: <script> inserting "type" attribute
nuisance.html:17:1 (nuisance.Rd:5): Warning: <table> lacks "summary" attribute
nuisance.html:35:1 (nuisance.Rd:10): Warning: <table> lacks "summary" attribute
one_against_all_contrast.html:4:1 (one_against_all_contrast.Rd:5): Warning: <link> inserting "type" attribute
one_against_all_contrast.html:12:1 (one_against_all_contrast.Rd:5): Warning: <script> proprietary attribute "onload"
one_against_all_contrast.html:12:1 (one_against_all_contrast.Rd:5): Warning: <script> inserting "type" attribute
one_against_all_contrast.html:17:1 (one_against_all_contrast.Rd:5): Warning: <table> lacks "summary" attribute
one_against_all_contrast.html:35:1 (one_against_all_contrast.Rd:10): Warning: <table> lacks "summary" attribute
oneway_contrast.html:4:1 (oneway_contrast.Rd:5): Warning: <link> inserting "type" attribute
oneway_contrast.html:12:1 (oneway_contrast.Rd:5): Warning: <script> proprietary attribute "onload"
oneway_contrast.html:12:1 (oneway_contrast.Rd:5): Warning: <script> inserting "type" attribute
oneway_contrast.html:17:1 (oneway_contrast.Rd:5): Warning: <table> lacks "summary" attribute
oneway_contrast.html:35:1 (oneway_contrast.Rd:10): Warning: <table> lacks "summary" attribute
pair_contrast.html:4:1 (pair_contrast.Rd:5): Warning: <link> inserting "type" attribute
pair_contrast.html:12:1 (pair_contrast.Rd:5): Warning: <script> proprietary attribute "onload"
pair_contrast.html:12:1 (pair_contrast.Rd:5): Warning: <script> inserting "type" attribute
pair_contrast.html:17:1 (pair_contrast.Rd:5): Warning: <table> lacks "summary" attribute
pair_contrast.html:36:1 (pair_contrast.Rd:10): Warning: <table> lacks "summary" attribute
pair_contrast.html:67:1 (pair_contrast.Rd:20): Warning: <table> lacks "summary" attribute
pairwise_contrasts.html:4:1 (pairwise_contrasts.Rd:5): Warning: <link> inserting "type" attribute
pairwise_contrasts.html:12:1 (pairwise_contrasts.Rd:5): Warning: <script> proprietary attribute "onload"
pairwise_contrasts.html:12:1 (pairwise_contrasts.Rd:5): Warning: <script> inserting "type" attribute
pairwise_contrasts.html:17:1 (pairwise_contrasts.Rd:5): Warning: <table> lacks "summary" attribute
pairwise_contrasts.html:35:1 (pairwise_contrasts.Rd:10): Warning: <table> lacks "summary" attribute
plot.baseline_model.html:4:1 (plot.baseline_model.Rd:5): Warning: <link> inserting "type" attribute
plot.baseline_model.html:12:1 (plot.baseline_model.Rd:5): Warning: <script> proprietary attribute "onload"
plot.baseline_model.html:12:1 (plot.baseline_model.Rd:5): Warning: <script> inserting "type" attribute
plot.baseline_model.html:17:1 (plot.baseline_model.Rd:5): Warning: <table> lacks "summary" attribute
plot.baseline_model.html:47:1 (plot.baseline_model.Rd:19): Warning: <table> lacks "summary" attribute
plot.event_model.html:4:1 (plot.event_model.Rd:5): Warning: <link> inserting "type" attribute
plot.event_model.html:12:1 (plot.event_model.Rd:5): Warning: <script> proprietary attribute "onload"
plot.event_model.html:12:1 (plot.event_model.Rd:5): Warning: <script> inserting "type" attribute
plot.event_model.html:17:1 (plot.event_model.Rd:5): Warning: <table> lacks "summary" attribute
plot.event_model.html:37:1 (plot.event_model.Rd:10): Warning: <table> lacks "summary" attribute
plot_contrasts.html:4:1 (plot_contrasts.Rd:5): Warning: <link> inserting "type" attribute
plot_contrasts.html:12:1 (plot_contrasts.Rd:5): Warning: <script> proprietary attribute "onload"
plot_contrasts.html:12:1 (plot_contrasts.Rd:5): Warning: <script> inserting "type" attribute
plot_contrasts.html:17:1 (plot_contrasts.Rd:5): Warning: <table> lacks "summary" attribute
plot_contrasts.html:35:1 (plot_contrasts.Rd:10): Warning: <table> lacks "summary" attribute
plot_contrasts.event_model.html:4:1 (plot_contrasts.event_model.Rd:5): Warning: <link> inserting "type" attribute
plot_contrasts.event_model.html:12:1 (plot_contrasts.event_model.Rd:5): Warning: <script> proprietary attribute "onload"
plot_contrasts.event_model.html:12:1 (plot_contrasts.event_model.Rd:5): Warning: <script> inserting "type" attribute
plot_contrasts.event_model.html:17:1 (plot_contrasts.event_model.Rd:5): Warning: <table> lacks "summary" attribute
plot_contrasts.event_model.html:45:1 (plot_contrasts.event_model.Rd:17): Warning: <table> lacks "summary" attribute
poly_contrast.html:4:1 (poly_contrast.Rd:5): Warning: <link> inserting "type" attribute
poly_contrast.html:12:1 (poly_contrast.Rd:5): Warning: <script> proprietary attribute "onload"
poly_contrast.html:12:1 (poly_contrast.Rd:5): Warning: <script> inserting "type" attribute
poly_contrast.html:17:1 (poly_contrast.Rd:5): Warning: <table> lacks "summary" attribute
poly_contrast.html:36:1 (poly_contrast.Rd:10): Warning: <table> lacks "summary" attribute
predict.html:4:1 (predict.Rd:12): Warning: <link> inserting "type" attribute
predict.html:12:1 (predict.Rd:12): Warning: <script> proprietary attribute "onload"
predict.html:12:1 (predict.Rd:12): Warning: <script> inserting "type" attribute
predict.html:17:1 (predict.Rd:12): Warning: <table> lacks "summary" attribute
predict.html:58:1 (predict.Rd:31): Warning: <table> lacks "summary" attribute
print.html:4:1 (print.Rd:16): Warning: <link> inserting "type" attribute
print.html:12:1 (print.Rd:16): Warning: <script> proprietary attribute "onload"
print.html:12:1 (print.Rd:16): Warning: <script> inserting "type" attribute
print.html:17:1 (print.Rd:16): Warning: <table> lacks "summary" attribute
print.html:83:1 (print.Rd:41): Warning: <table> lacks "summary" attribute
reexports.html:4:1 (reexports.Rd:16): Warning: <link> inserting "type" attribute
reexports.html:12:1 (reexports.Rd:16): Warning: <script> proprietary attribute "onload"
reexports.html:12:1 (reexports.Rd:16): Warning: <script> inserting "type" attribute
reexports.html:17:1 (reexports.Rd:16): Warning: <table> lacks "summary" attribute
register_hrfspec_extension.html:4:1 (register_hrfspec_extension.Rd:5): Warning: <link> inserting "type" attribute
register_hrfspec_extension.html:12:1 (register_hrfspec_extension.Rd:5): Warning: <script> proprietary attribute "onload"
register_hrfspec_extension.html:12:1 (register_hrfspec_extension.Rd:5): Warning: <script> inserting "type" attribute
register_hrfspec_extension.html:17:1 (register_hrfspec_extension.Rd:5): Warning: <table> lacks "summary" attribute
register_hrfspec_extension.html:42:1 (register_hrfspec_extension.Rd:16): Warning: <table> lacks "summary" attribute
regressors.html:4:1 (regressors.Rd:6): Warning: <link> inserting "type" attribute
regressors.html:12:1 (regressors.Rd:6): Warning: <script> proprietary attribute "onload"
regressors.html:12:1 (regressors.Rd:6): Warning: <script> inserting "type" attribute
regressors.html:17:1 (regressors.Rd:6): Warning: <table> lacks "summary" attribute
regressors.html:39:1 (regressors.Rd:13): Warning: <table> lacks "summary" attribute
requires_external_processing.html:4:1 (requires_external_processing.Rd:5): Warning: <link> inserting "type" attribute
requires_external_processing.html:12:1 (requires_external_processing.Rd:5): Warning: <script> proprietary attribute "onload"
requires_external_processing.html:12:1 (requires_external_processing.Rd:5): Warning: <script> inserting "type" attribute
requires_external_processing.html:17:1 (requires_external_processing.Rd:5): Warning: <table> lacks "summary" attribute
requires_external_processing.html:36:1 (requires_external_processing.Rd:10): Warning: <table> lacks "summary" attribute
sanitize.html:4:1 (sanitize.Rd:5): Warning: <link> inserting "type" attribute
sanitize.html:12:1 (sanitize.Rd:5): Warning: <script> proprietary attribute "onload"
sanitize.html:12:1 (sanitize.Rd:5): Warning: <script> inserting "type" attribute
sanitize.html:17:1 (sanitize.Rd:5): Warning: <table> lacks "summary" attribute
sanitize.html:35:1 (sanitize.Rd:10): Warning: <table> lacks "summary" attribute
shortnames.html:4:1 (shortnames.Rd:5): Warning: <link> inserting "type" attribute
shortnames.html:12:1 (shortnames.Rd:5): Warning: <script> proprietary attribute "onload"
shortnames.html:12:1 (shortnames.Rd:5): Warning: <script> inserting "type" attribute
shortnames.html:17:1 (shortnames.Rd:5): Warning: <table> lacks "summary" attribute
shortnames.html:35:1 (shortnames.Rd:10): Warning: <table> lacks "summary" attribute
sliding_window_contrasts.html:4:1 (sliding_window_contrasts.Rd:5): Warning: <link> inserting "type" attribute
sliding_window_contrasts.html:12:1 (sliding_window_contrasts.Rd:5): Warning: <script> proprietary attribute "onload"
sliding_window_contrasts.html:12:1 (sliding_window_contrasts.Rd:5): Warning: <script> inserting "type" attribute
sliding_window_contrasts.html:17:1 (sliding_window_contrasts.Rd:5): Warning: <table> lacks "summary" attribute
sliding_window_contrasts.html:45:1 (sliding_window_contrasts.Rd:16): Warning: <table> lacks "summary" attribute
split_by_block.html:4:1 (split_by_block.Rd:5): Warning: <link> inserting "type" attribute
split_by_block.html:12:1 (split_by_block.Rd:5): Warning: <script> proprietary attribute "onload"
split_by_block.html:12:1 (split_by_block.Rd:5): Warning: <script> inserting "type" attribute
split_by_block.html:17:1 (split_by_block.Rd:5): Warning: <table> lacks "summary" attribute
split_by_block.html:35:1 (split_by_block.Rd:10): Warning: <table> lacks "summary" attribute
split_onsets.html:4:1 (split_onsets.Rd:6): Warning: <link> inserting "type" attribute
split_onsets.html:12:1 (split_onsets.Rd:6): Warning: <script> proprietary attribute "onload"
split_onsets.html:12:1 (split_onsets.Rd:6): Warning: <script> inserting "type" attribute
split_onsets.html:17:1 (split_onsets.Rd:6): Warning: <table> lacks "summary" attribute
split_onsets.html:38:1 (split_onsets.Rd:13): Warning: <table> lacks "summary" attribute
sub_basis.html:4:1 (sub_basis.Rd:8): Warning: <link> inserting "type" attribute
sub_basis.html:12:1 (sub_basis.Rd:8): Warning: <script> proprietary attribute "onload"
sub_basis.html:12:1 (sub_basis.Rd:8): Warning: <script> inserting "type" attribute
sub_basis.html:17:1 (sub_basis.Rd:8): Warning: <table> lacks "summary" attribute
sub_basis.html:44:1 (sub_basis.Rd:19): Warning: <table> lacks "summary" attribute
term_indices.html:4:1 (term_indices.Rd:6): Warning: <link> inserting "type" attribute
term_indices.html:12:1 (term_indices.Rd:6): Warning: <script> proprietary attribute "onload"
term_indices.html:12:1 (term_indices.Rd:6): Warning: <script> inserting "type" attribute
term_indices.html:17:1 (term_indices.Rd:6): Warning: <table> lacks "summary" attribute
term_indices.html:38:1 (term_indices.Rd:13): Warning: <table> lacks "summary" attribute
term_matrices.html:4:1 (term_matrices.Rd:5): Warning: <link> inserting "type" attribute
term_matrices.html:12:1 (term_matrices.Rd:5): Warning: <script> proprietary attribute "onload"
term_matrices.html:12:1 (term_matrices.Rd:5): Warning: <script> inserting "type" attribute
term_matrices.html:17:1 (term_matrices.Rd:5): Warning: <table> lacks "summary" attribute
term_matrices.html:35:1 (term_matrices.Rd:10): Warning: <table> lacks "summary" attribute
term_names.html:4:1 (term_names.Rd:5): Warning: <link> inserting "type" attribute
term_names.html:12:1 (term_names.Rd:5): Warning: <script> proprietary attribute "onload"
term_names.html:12:1 (term_names.Rd:5): Warning: <script> inserting "type" attribute
term_names.html:17:1 (term_names.Rd:5): Warning: <table> lacks "summary" attribute
term_names.html:35:1 (term_names.Rd:10): Warning: <table> lacks "summary" attribute
translate_legacy_pattern.html:4:1 (translate_legacy_pattern.Rd:5): Warning: <link> inserting "type" attribute
translate_legacy_pattern.html:12:1 (translate_legacy_pattern.Rd:5): Warning: <script> proprietary attribute "onload"
translate_legacy_pattern.html:12:1 (translate_legacy_pattern.Rd:5): Warning: <script> inserting "type" attribute
translate_legacy_pattern.html:17:1 (translate_legacy_pattern.Rd:5): Warning: <table> lacks "summary" attribute
translate_legacy_pattern.html:35:1 (translate_legacy_pattern.Rd:10): Warning: <table> lacks "summary" attribute
trialwise.html:4:1 (trialwise.Rd:5): Warning: <link> inserting "type" attribute
trialwise.html:12:1 (trialwise.Rd:5): Warning: <script> proprietary attribute "onload"
trialwise.html:12:1 (trialwise.Rd:5): Warning: <script> inserting "type" attribute
trialwise.html:17:1 (trialwise.Rd:5): Warning: <table> lacks "summary" attribute
trialwise.html:42:1 (trialwise.Rd:16): Warning: <table> lacks "summary" attribute
unit_contrast.html:4:1 (unit_contrast.Rd:5): Warning: <link> inserting "type" attribute
unit_contrast.html:12:1 (unit_contrast.Rd:5): Warning: <script> proprietary attribute "onload"
unit_contrast.html:12:1 (unit_contrast.Rd:5): Warning: <script> inserting "type" attribute
unit_contrast.html:17:1 (unit_contrast.Rd:5): Warning: <table> lacks "summary" attribute
unit_contrast.html:35:1 (unit_contrast.Rd:10): Warning: <table> lacks "summary" attribute
validate_contrasts.html:4:1 (validate_contrasts.Rd:5): Warning: <link> inserting "type" attribute
validate_contrasts.html:12:1 (validate_contrasts.Rd:5): Warning: <script> proprietary attribute "onload"
validate_contrasts.html:12:1 (validate_contrasts.Rd:5): Warning: <script> inserting "type" attribute
validate_contrasts.html:17:1 (validate_contrasts.Rd:5): Warning: <table> lacks "summary" attribute
validate_contrasts.html:37:1 (validate_contrasts.Rd:10): Warning: <table> lacks "summary" attribute
* checking for non-standard things in the check directory ... OK
* checking for detritus in the temp directory ... OK
* DONE
Status: 3 NOTEs
