Hmm ... looks like a package
Converting parsed Rd's to LaTeX .........
Creating pdf output from LaTeX ...
Error in texi2dvi(file = file, pdf = TRUE, clean = clean, quiet = quiet,  : 
  Running 'texi2dvi' on 'Rd2.tex' failed.
Messages:
/opt/R/arm64/bin/texi2dvi: makeindex failed
Output:
This is pdfTeX, Version 3.141592653-2.6-1.40.26 (TeX Live 2024) (preloaded format=pdflatex)
 restricted \write18 enabled.
entering extended mode
LaTeX2e <2024-06-01> patch level 2
L3 programming layer <2024-07-20>
(./Rd2.tex
(/Users/bbuchsbaum/Library/TinyTeX/texmf-dist/tex/latex/base/book.cls
Document Class: book 2024/02/08 v1.4n Standard LaTeX document class
(/Users/bbuchsbaum/Library/TinyTeX/texmf-dist/tex/latex/base/bk10.clo)) (/Library/Frameworks/R.framework/Resources/share/texmf/tex/latex/Rd.sty (/Users/bbuchsbaum/Library/TinyTeX/texmf-dist/tex/latex/base/ifthen.sty) (/Users/bbuchsbaum/Library/TinyTeX/texmf-dist/tex/latex/tools/longtable.sty) (/Users/bbuchsbaum/Library/TinyTeX/texmf-dist/tex/latex/tools/bm.sty) (/Users/bbuchsbaum/Library/TinyTeX/texmf-dist/tex/latex/base/alltt.sty) (/Users/bbuchsbaum/Library/TinyTeX/texmf-dist/tex/latex/tools/verbatim.sty) (/Users/bbuchsbaum/Library/TinyTeX/texmf-dist/tex/latex/url/url.sty) (/Users/bbuchsbaum/Library/TinyTeX/texmf-dist/tex/latex/base/textcomp.sty) (/Users/bbuchsbaum/Library/TinyTeX/texmf-dist/tex/latex/amsmath/amsmath.sty
For additional information on amsmath, use the `?' option.
(/Users/bbuchsbaum/Library/TinyTeX/texmf-dist/tex/latex/amsmath/amstext.sty (/Users/bbuchsbaum/Library/TinyTeX/texmf-dist/tex/latex/amsmath/amsgen.sty)) (/Users/bbuchsbaum/Library/TinyTeX/texmf-dist/tex/latex/amsmath/amsbsy.sty) (/Users/bbuchsbaum/Library/TinyTeX/texmf-dist/tex/latex/amsmath/amsopn.sty)) (/Users/bbuchsbaum/Library/TinyTeX/texmf-dist/tex/latex/amsfonts/amsfonts.sty) (/Users/bbuchsbaum/Library/TinyTeX/texmf-dist/tex/latex/amsfonts/amssymb.sty) (/Users/bbuchsbaum/Library/TinyTeX/texmf-dist/tex/latex/amsfonts/eucal.sty) (/Users/bbuchsbaum/Library/TinyTeX/texmf-dist/tex/generic/iftex/iftex.sty) (/Users/bbuchsbaum/Library/TinyTeX/texmf-dist/tex/latex/base/fontenc.sty) (/Users/bbuchsbaum/Library/TinyTeX/texmf-dist/tex/latex/psnfss/times.sty) (/Users/bbuchsbaum/Library/TinyTeX/texmf-dist/tex/latex/inconsolata/zi4.sty `inconsolata-zi4' v1.12, 2019/05/17 Text macros for Inconsolata (msharpe) (/Users/bbuchsbaum/Library/TinyTeX/texmf-dist/tex/latex/xkeyval/xkeyval.sty (/Users/bbuchsbaum/Library/TinyTeX/texmf-dist/tex/generic/xkeyval/xkeyval.tex (/Users/bbuchsbaum/Library/TinyTeX/texmf-dist/tex/generic/xkeyval/xkvutils.tex (/Users/bbuchsbaum/Library/TinyTeX/texmf-dist/tex/generic/xkeyval/keyval.tex))))) (/Users/bbuchsbaum/Library/TinyTeX/texmf-dist/tex/latex/graphics/color.sty (/Users/bbuchsbaum/Library/TinyTeX/texmf-dist/tex/latex/graphics-cfg/color.cfg) (/Users/bbuchsbaum/Library/TinyTeX/texmf-dist/tex/latex/graphics-def/pdftex.def) (/Users/bbuchsbaum/Library/TinyTeX/texmf-dist/tex/latex/graphics/mathcolor.ltx)) (/Users/bbuchsbaum/Library/TinyTeX/texmf-dist/tex/latex/hyperref/hyperref.sty (/Users/bbuchsbaum/Library/TinyTeX/texmf-dist/tex/latex/kvsetkeys/kvsetkeys.sty) (/Users/bbuchsbaum/Library/TinyTeX/texmf-dist/tex/generic/kvdefinekeys/kvdefinekeys.sty) (/Users/bbuchsbaum/Library/TinyTeX/texmf-dist/tex/generic/pdfescape/pdfescape.sty (/Users/bbuchsbaum/Library/TinyTeX/texmf-dist/tex/generic/ltxcmds/ltxcmds.sty) (/Users/bbuchsbaum/Library/TinyTeX/texmf-dist/tex/generic/pdftexcmds/pdftexcmds.sty (/Users/bbuchsbaum/Library/TinyTeX/texmf-dist/tex/generic/infwarerr/infwarerr.sty))) (/Users/bbuchsbaum/Library/TinyTeX/texmf-dist/tex/latex/hycolor/hycolor.sty) (/Users/bbuchsbaum/Library/TinyTeX/texmf-dist/tex/latex/hyperref/nameref.sty (/Users/bbuchsbaum/Library/TinyTeX/texmf-dist/tex/latex/refcount/refcount.sty) (/Users/bbuchsbaum/Library/TinyTeX/texmf-dist/tex/generic/gettitlestring/gettitlestring.sty (/Users/bbuchsbaum/Library/TinyTeX/texmf-dist/tex/latex/kvoptions/kvoptions.sty))) (/Users/bbuchsbaum/Library/TinyTeX/texmf-dist/tex/latex/etoolbox/etoolbox.sty) (/Users/bbuchsbaum/Library/TinyTeX/texmf-dist/tex/generic/stringenc/stringenc.sty) (/Users/bbuchsbaum/Library/TinyTeX/texmf-dist/tex/latex/hyperref/pd1enc.def) (/Users/bbuchsbaum/Library/TinyTeX/texmf-dist/tex/generic/intcalc/intcalc.sty) (/Users/bbuchsbaum/Library/TinyTeX/texmf-dist/tex/latex/hyperref/puenc.def) (/Users/bbuchsbaum/Library/TinyTeX/texmf-dist/tex/generic/bitset/bitset.sty (/Users/bbuchsbaum/Library/TinyTeX/texmf-dist/tex/generic/bigintcalc/bigintcalc.sty)) (/Users/bbuchsbaum/Library/TinyTeX/texmf-dist/tex/latex/base/atbegshi-ltx.sty)) (/Users/bbuchsbaum/Library/TinyTeX/texmf-dist/tex/latex/hyperref/hpdftex.def (/Users/bbuchsbaum/Library/TinyTeX/texmf-dist/tex/latex/base/atveryend-ltx.sty) (/Users/bbuchsbaum/Library/TinyTeX/texmf-dist/tex/latex/rerunfilecheck/rerunfilecheck.sty (/Users/bbuchsbaum/Library/TinyTeX/texmf-dist/tex/generic/uniquecounter/uniquecounter.sty)))) (/Users/bbuchsbaum/Library/TinyTeX/texmf-dist/tex/latex/base/makeidx.sty) (/Users/bbuchsbaum/Library/TinyTeX/texmf-dist/tex/latex/base/inputenc.sty)
Writing index file Rd2.idx
(/Users/bbuchsbaum/Library/TinyTeX/texmf-dist/tex/latex/psnfss/t1ptm.fd) (/Users/bbuchsbaum/Library/TinyTeX/texmf-dist/tex/latex/l3backend/l3backend-pdftex.def) (/private/var/folders/9h/nkjq6vss7mqdl4ck7q1hd8ph0000gp/T/RtmppPM6Ml/Rd2pdf1858db8a8ad7/Rd2.aux) (/private/var/folders/9h/nkjq6vss7mqdl4ck7q1hd8ph0000gp/T/RtmppPM6Ml/Rd2pdf1858db8a8ad7/Rd2.out) (/private/var/folders/9h/nkjq6vss7mqdl4ck7q1hd8ph0000gp/T/RtmppPM6Ml/Rd2pdf1858db8a8ad7/Rd2.out) (/Users/bbuchsbaum/Library/TinyTeX/texmf-dist/tex/latex/inconsolata/t1zi4.fd) (/Users/bbuchsbaum/Library/TinyTeX/texmf-dist/tex/latex/amsfonts/umsa.fd) (/Users/bbuchsbaum/Library/TinyTeX/texmf-dist/tex/latex/amsfonts/umsb.fd) (/Users/bbuchsbaum/Library/TinyTeX/texmf-dist/tex/latex/psnfss/ts1ptm.fd) (/Users/bbuchsbaum/Library/TinyTeX/texmf-dist/tex/latex/psnfss/t1phv.fd) (/private/var/folders/9h/nkjq6vss7mqdl4ck7q1hd8ph0000gp/T/RtmppPM6Ml/Rd2pdf1858db8a8ad7/Rd2.toc
[1{/Users/bbuchsbaum/Library/TinyTeX/texmf-var/fonts/map/pdftex/updmap/pdftex.map}{/Users/bbuchsbaum/Library/TinyTeX/texmf-dist/fonts/enc/dvips/base/8r.enc}{/Users/bbuchsbaum/Library/TinyTeX/texmf-dist/fonts/enc/dvips/inconsolata/i4-t1-0.enc}]
[2])
[3]
[4]
[5]
Overfull \hbox (8.24101pt too wide) in paragraph at lines 188--188
 []\T1/zi4/m/n/9 bmod_global <- baseline_model(basis = "bs", degree = 3, sframe = sframe, intercept = "global")[] 

Overfull \hbox (21.74101pt too wide) in paragraph at lines 189--189
 []\T1/zi4/m/n/9 bmod_nointercept <- baseline_model(basis = "bs", degree = 3, sframe = sframe, intercept = "none")[] 
(/Users/bbuchsbaum/Library/TinyTeX/texmf-dist/tex/latex/inconsolata/ts1zi4.fd)
[6{/Users/bbuchsbaum/Library/TinyTeX/texmf-dist/fonts/enc/dvips/inconsolata/i4-ts1.enc}]
[7]
[8]
[9]
[10]
[11]
[12]
[13]
[14]
[15]
[16]
Overfull \hbox (5.24408pt too wide) in paragraph at lines 893--893
 []  \T1/zi4/m/n/9 diff = column_contrast(pattern_A = "condition.A", pattern_B = "condition.B", name = "diff")[] 

[17]
[18]
[19]
[20]
[21]
[22]
[23]
[24]
Overfull \hbox (48.08014pt too wide) in paragraph at lines 1348--1348
 []\T1/zi4/m/n/10 model <- event_model(onset ~ hrf(stimulus) + covariate(motion_x, motion_y, data = cov_data), 

[25]
[26]
Overfull \hbox (52.09972pt too wide) in paragraph at lines 1464--1466
[]\T1/ptm/m/n/10 Numeric or []\T1/zi4/m/n/10 NULL[]\T1/ptm/m/n/10 ; if not []\T1/zi4/m/n/10 NULL[]\T1/ptm/m/n/10 , used as the []\T1/zi4/m/n/10 midpoint []\T1/ptm/m/n/10 in [][][]\T1/zi4/m/n/10 ggplot2::scale_fill_gradient2()[][][]

[27]
[28]
[29]
[30]
[31]
[32]
[33]
Overfull \hbox (1.81851pt too wide) in paragraph at lines 1941--1942
[]\T1/ptm/m/n/10 An ob-ject of class []\T1/zi4/m/n/10 sampling_frame []\T1/ptm/m/n/10 defin-ing the scan tim-ing (TR, block lengths). 

[34]
Overfull \hbox (36.0662pt too wide) in paragraph at lines 1987--1988
[]\T1/ptm/b/n/10 Explicit Nam-ing: \T1/ptm/m/n/10 Use \T1/zi4/m/n/10 id= \T1/ptm/m/n/10 within []\T1/zi4/m/n/10 hrf() []\T1/ptm/m/n/10 for an ex-plicit tag (e.g., []\T1/zi4/m/n/10 hrf(condition, id="CondMain")[]\T1/ptm/m/n/10 ). 

[35]
Overfull \hbox (35.25941pt too wide) in paragraph at lines 2024--2024
 []\T1/zi4/m/n/9 # ev_model_list <- event_model(list(spec1, spec2), data=des, block=des$run, sampling_frame=sframe)[] 

[36]
[37]
[38]
[39]
[40]
[4

This is pdfTeX, Version 3.141592653-2.6-1.40.26 (TeX Live 2024) (preloaded format=pdflatex)
 restricted \write18 enabled.
entering extended mode
LaTeX2e <2024-06-01> patch level 2
L3 programming layer <2024-07-20>
(./Rd2.tex
(/Users/bbuchsbaum/Library/TinyTeX/texmf-dist/tex/latex/base/book.cls
Document Class: book 2024/02/08 v1.4n Standard LaTeX document class
(/Users/bbuchsbaum/Library/TinyTeX/texmf-dist/tex/latex/base/bk10.clo)) (/Library/Frameworks/R.framework/Resources/share/texmf/tex/latex/Rd.sty (/Users/bbuchsbaum/Library/TinyTeX/texmf-dist/tex/latex/base/ifthen.sty) (/Users/bbuchsbaum/Library/TinyTeX/texmf-dist/tex/latex/tools/longtable.sty) (/Users/bbuchsbaum/Library/TinyTeX/texmf-dist/tex/latex/tools/bm.sty) (/Users/bbuchsbaum/Library/TinyTeX/texmf-dist/tex/latex/base/alltt.sty) (/Users/bbuchsbaum/Library/TinyTeX/texmf-dist/tex/latex/tools/verbatim.sty) (/Users/bbuchsbaum/Library/TinyTeX/texmf-dist/tex/latex/url/url.sty) (/Users/bbuchsbaum/Library/TinyTeX/texmf-dist/tex/latex/base/textcomp.sty) (/Users/bbuchsbaum/Library/TinyTeX/texmf-dist/tex/latex/amsmath/amsmath.sty
For additional information on amsmath, use the `?' option.
(/Users/bbuchsbaum/Library/TinyTeX/texmf-dist/tex/latex/amsmath/amstext.sty (/Users/bbuchsbaum/Library/TinyTeX/texmf-dist/tex/latex/amsmath/amsgen.sty)) (/Users/bbuchsbaum/Library/TinyTeX/texmf-dist/tex/latex/amsmath/amsbsy.sty) (/Users/bbuchsbaum/Library/TinyTeX/texmf-dist/tex/latex/amsmath/amsopn.sty)) (/Users/bbuchsbaum/Library/TinyTeX/texmf-dist/tex/latex/amsfonts/amsfonts.sty) (/Users/bbuchsbaum/Library/TinyTeX/texmf-dist/tex/latex/amsfonts/amssymb.sty) (/Users/bbuchsbaum/Library/TinyTeX/texmf-dist/tex/latex/amsfonts/eucal.sty) (/Users/bbuchsbaum/Library/TinyTeX/texmf-dist/tex/generic/iftex/iftex.sty) (/Users/bbuchsbaum/Library/TinyTeX/texmf-dist/tex/latex/base/fontenc.sty) (/Users/bbuchsbaum/Library/TinyTeX/texmf-dist/tex/latex/psnfss/times.sty) (/Users/bbuchsbaum/Library/TinyTeX/texmf-dist/tex/latex/inconsolata/zi4.sty `inconsolata-zi4' v1.12, 2019/05/17 Text macros for Inconsolata (msharpe) (/Users/bbuchsbaum/Library/TinyTeX/texmf-dist/tex/latex/xkeyval/xkeyval.sty (/Users/bbuchsbaum/Library/TinyTeX/texmf-dist/tex/generic/xkeyval/xkeyval.tex (/Users/bbuchsbaum/Library/TinyTeX/texmf-dist/tex/generic/xkeyval/xkvutils.tex (/Users/bbuchsbaum/Library/TinyTeX/texmf-dist/tex/generic/xkeyval/keyval.tex))))) (/Users/bbuchsbaum/Library/TinyTeX/texmf-dist/tex/latex/graphics/color.sty (/Users/bbuchsbaum/Library/TinyTeX/texmf-dist/tex/latex/graphics-cfg/color.cfg) (/Users/bbuchsbaum/Library/TinyTeX/texmf-dist/tex/latex/graphics-def/pdftex.def) (/Users/bbuchsbaum/Library/TinyTeX/texmf-dist/tex/latex/graphics/mathcolor.ltx)) (/Users/bbuchsbaum/Library/TinyTeX/texmf-dist/tex/latex/hyperref/hyperref.sty (/Users/bbuchsbaum/Library/TinyTeX/texmf-dist/tex/latex/kvsetkeys/kvsetkeys.sty) (/Users/bbuchsbaum/Library/TinyTeX/texmf-dist/tex/generic/kvdefinekeys/kvdefinekeys.sty) (/Users/bbuchsbaum/Library/TinyTeX/texmf-dist/tex/generic/pdfescape/pdfescape.sty (/Users/bbuchsbaum/Library/TinyTeX/texmf-dist/tex/generic/ltxcmds/ltxcmds.sty) (/Users/bbuchsbaum/Library/TinyTeX/texmf-dist/tex/generic/pdftexcmds/pdftexcmds.sty (/Users/bbuchsbaum/Library/TinyTeX/texmf-dist/tex/generic/infwarerr/infwarerr.sty))) (/Users/bbuchsbaum/Library/TinyTeX/texmf-dist/tex/latex/hycolor/hycolor.sty) (/Users/bbuchsbaum/Library/TinyTeX/texmf-dist/tex/latex/hyperref/nameref.sty (/Users/bbuchsbaum/Library/TinyTeX/texmf-dist/tex/latex/refcount/refcount.sty) (/Users/bbuchsbaum/Library/TinyTeX/texmf-dist/tex/generic/gettitlestring/gettitlestring.sty (/Users/bbuchsbaum/Library/TinyTeX/texmf-dist/tex/latex/kvoptions/kvoptions.sty))) (/Users/bbuchsbaum/Library/TinyTeX/texmf-dist/tex/latex/etoolbox/etoolbox.sty) (/Users/bbuchsbaum/Library/TinyTeX/texmf-dist/tex/generic/stringenc/stringenc.sty) (/Users/bbuchsbaum/Library/TinyTeX/texmf-dist/tex/latex/hyperref/pd1enc.def) (/Users/bbuchsbaum/Library/TinyTeX/texmf-dist/tex/generic/intcalc/intcalc.sty) (/Users/bbuchsbaum/Library/TinyTeX/texmf-dist/tex/latex/hyperref/puenc.def) (/Users/bbuchsbaum/Library/TinyTeX/texmf-dist/tex/generic/bitset/bitset.sty (/Users/bbuchsbaum/Library/TinyTeX/texmf-dist/tex/generic/bigintcalc/bigintcalc.sty)) (/Users/bbuchsbaum/Library/TinyTeX/texmf-dist/tex/latex/base/atbegshi-ltx.sty)) (/Users/bbuchsbaum/Library/TinyTeX/texmf-dist/tex/latex/hyperref/hpdftex.def (/Users/bbuchsbaum/Library/TinyTeX/texmf-dist/tex/latex/base/atveryend-ltx.sty) (/Users/bbuchsbaum/Library/TinyTeX/texmf-dist/tex/latex/rerunfilecheck/rerunfilecheck.sty (/Users/bbuchsbaum/Library/TinyTeX/texmf-dist/tex/generic/uniquecounter/uniquecounter.sty)))) (/Users/bbuchsbaum/Library/TinyTeX/texmf-dist/tex/latex/base/makeidx.sty) (/Users/bbuchsbaum/Library/TinyTeX/texmf-dist/tex/latex/base/inputenc.sty)
Writing index file Rd2.idx
(/Users/bbuchsbaum/Library/TinyTeX/texmf-dist/tex/latex/psnfss/t1ptm.fd) (/Users/bbuchsbaum/Library/TinyTeX/texmf-dist/tex/latex/l3backend/l3backend-pdftex.def) (/private/var/folders/9h/nkjq6vss7mqdl4ck7q1hd8ph0000gp/T/RtmppPM6Ml/Rd2pdf1858db8a8ad7/Rd2.aux) (/private/var/folders/9h/nkjq6vss7mqdl4ck7q1hd8ph0000gp/T/RtmppPM6Ml/Rd2pdf1858db8a8ad7/Rd2.out) (/private/var/folders/9h/nkjq6vss7mqdl4ck7q1hd8ph0000gp/T/RtmppPM6Ml/Rd2pdf1858db8a8ad7/Rd2.out) (/Users/bbuchsbaum/Library/TinyTeX/texmf-dist/tex/latex/inconsolata/t1zi4.fd) (/Users/bbuchsbaum/Library/TinyTeX/texmf-dist/tex/latex/amsfonts/umsa.fd) (/Users/bbuchsbaum/Library/TinyTeX/texmf-dist/tex/latex/amsfonts/umsb.fd) (/Users/bbuchsbaum/Library/TinyTeX/texmf-dist/tex/latex/psnfss/ts1ptm.fd) (/Users/bbuchsbaum/Library/TinyTeX/texmf-dist/tex/latex/psnfss/t1phv.fd) (/private/var/folders/9h/nkjq6vss7mqdl4ck7q1hd8ph0000gp/T/RtmppPM6Ml/Rd2pdf1858db8a8ad7/Rd2.toc
[1{/Users/bbuchsbaum/Library/TinyTeX/texmf-var/fonts/map/pdftex/updmap/pdftex.map}{/Users/bbuchsbaum/Library/TinyTeX/texmf-dist/fonts/enc/dvips/base/8r.enc}{/Users/bbuchsbaum/Library/TinyTeX/texmf-dist/fonts/enc/dvips/inconsolata/i4-t1-0.enc}]
[2])
[3]
[4]
[5]
Overfull \hbox (8.24101pt too wide) in paragraph at lines 188--188
 []\T1/zi4/m/n/9 bmod_global <- baseline_model(basis = "bs", degree = 3, sframe = sframe, intercept = "global")[] 

Overfull \hbox (21.74101pt too wide) in paragraph at lines 189--189
 []\T1/zi4/m/n/9 bmod_nointercept <- baseline_model(basis = "bs", degree = 3, sframe = sframe, intercept = "none")[] 
(/Users/bbuchsbaum/Library/TinyTeX/texmf-dist/tex/latex/inconsolata/ts1zi4.fd)
[6{/Users/bbuchsbaum/Library/TinyTeX/texmf-dist/fonts/enc/dvips/inconsolata/i4-ts1.enc}]
[7]
[8]
[9]
[10]
[11]
[12]
[13]
[14]
[15]
[16]
Overfull \hbox (5.24408pt too wide) in paragraph at lines 893--893
 []  \T1/zi4/m/n/9 diff = column_contrast(pattern_A = "condition.A", pattern_B = "condition.B", name = "diff")[] 

[17]
[18]
[19]
[20]
[21]
[22]
[23]
[24]
Overfull \hbox (48.08014pt too wide) in paragraph at lines 1348--1348
 []\T1/zi4/m/n/10 model <- event_model(onset ~ hrf(stimulus) + covariate(motion_x, motion_y, data = cov_data), 

[25]
[26]
Overfull \hbox (52.09972pt too wide) in paragraph at lines 1464--1466
[]\T1/ptm/m/n/10 Numeric or []\T1/zi4/m/n/10 NULL[]\T1/ptm/m/n/10 ; if not []\T1/zi4/m/n/10 NULL[]\T1/ptm/m/n/10 , used as the []\T1/zi4/m/n/10 midpoint []\T1/ptm/m/n/10 in [][][]\T1/zi4/m/n/10 ggplot2::scale_fill_gradient2()[][][]

[27]
[28]
[29]
[30]
[31]
[32]
[33]
Overfull \hbox (1.81851pt too wide) in paragraph at lines 1941--1942
[]\T1/ptm/m/n/10 An ob-ject of class []\T1/zi4/m/n/10 sampling_frame []\T1/ptm/m/n/10 defin-ing the scan tim-ing (TR, block lengths). 

[34]
Overfull \hbox (36.0662pt too wide) in paragraph at lines 1987--1988
[]\T1/ptm/b/n/10 Explicit Nam-ing: \T1/ptm/m/n/10 Use \T1/zi4/m/n/10 id= \T1/ptm/m/n/10 within []\T1/zi4/m/n/10 hrf() []\T1/ptm/m/n/10 for an ex-plicit tag (e.g., []\T1/zi4/m/n/10 hrf(condition, id="CondMain")[]\T1/ptm/m/n/10 ). 

[35]
Overfull \hbox (35.25941pt too wide) in paragraph at lines 2024--2024
 []\T1/zi4/m/n/9 # ev_model_list <- event_model(list(spec1, spec2), data=des, block=des$run, sampling_frame=sframe)[] 

[36]
[37]
[38]
[39]
[40]
[41]
[42]
[43]
[44]
Overfull \hbox (2.28954pt too wide) in paragraph at lines 2512--2514
[]\T1/ptm/m/n/10 one or more []\T1/zi4/m/n/10 contrast_spec []\T1/ptm/m/n/10 ob-jects cre-ated with the []\T1/zi4/m/n/10 contrast[]\T1/ptm/m/n/10 , []\T1/zi4/m/n/10 pair_contrast
(/Users/bbuchsbaum/Library/TinyTeX/texmf-dist/tex/latex/base/t1cmtt.fd) (/Users/bbuchsbaum/Library/TinyTeX/texmf-dist/tex/latex/base/ts1cmtt.fd)
[45]
[46]
[47]
[48]
[49]
[50]
[51]
[52]
[53]
[54]
[55]
[56]
[57]
Overfull \hbox (4.3064pt too wide) in paragraph at lines 3348--3350
[]\T1/ptm/m/n/10 Creates a line plot vi-su-al-iza-tion of the pre-dicted BOLD re-sponse for each re-gres-sor in an event_model

[58]
[59]
[60]
[61]
Overfull \hbox (2.3361pt too wide) in paragraph at lines 3539--3541
[]\T1/ptm/m/n/10 A poly_contrast_spec ob-ject con-tain-ing the spec-i-fi-ca-tion for gen-er-at-ing poly-no-mial con-trast weights. 

[62]
[63]
[64]
[65]
[66]
[67]
[68]
[69]
[70]
[71]
[72]
[73]
[74]
[75]
[76]
[77]
[78]
[79]
[80]
No file Rd2.ind.

[81] (/private/var/folders/9h/nkjq6vss7mqdl4ck7q1hd8ph0000gp/T/RtmppPM6Ml/Rd2pdf1858db8a8ad7/Rd2.aux) )
(see the transcript file for additional information)
pdfTeX warning (dest): name{Rfn.poly} has been referenced but does not exist, replaced by a fixed one


pdfTeX warning (dest): name{Rfn.levels} has been referenced but does not exist, replaced by a fixed one


pdfTeX warning (dest): name{Rfn.ggplot2::geom.Rul.tile\(\)} has been referenced but does not exist, replaced by a fixed one


pdfTeX warning (dest): name{Rfn.ggplot2::scale.Rul.fill.Rul.gradient2\(\)} has been referenced but does not exist, replaced by a fixed one


pdfTeX warning (dest): name{Rfn.bs} has been referenced but does not exist, replaced by a fixed one

 </Users/bbuchsbaum/Library/TinyTeX/texmf-var/fonts/pk/ljfour/jknappen/ec/tctt0900.600pk></Users/bbuchsbaum/Library/TinyTeX/texmf-dist/fonts/type1/public/inconsolata/Inconsolata-zi4r.pfb></Users/bbuchsbaum/Library/TinyTeX/texmf-dist/fonts/type1/urw/helvetic/uhvr8a.pfb></Users/bbuchsbaum/Library/TinyTeX/texmf-dist/fonts/type1/urw/times/utmb8a.pfb></Users/bbuchsbaum/Library/TinyTeX/texmf-dist/fonts/type1/urw/times/utmr8a.pfb></Users/bbuchsbaum/Library/TinyTeX/texmf-dist/fonts/type1/urw/times/utmr8a.pfb></Users/bbuchsbaum/Library/TinyTeX/texmf-dist/fonts/type1/urw/times/utmri8a.pfb>
Output written on Rd2.pdf (81 pages, 223080 bytes).
Transcript written on Rd2.log.
Saving output to ‘fmridesign-manual.pdf’ ...
Done
You may want to clean up by 'rm -Rf /var/folders/9h/nkjq6vss7mqdl4ck7q1hd8ph0000gp/T//RtmppPM6Ml/Rd2pdf1858db8a8ad7'
